<?xml version="1.0" encoding="UTF-8"?>
<!-- Generated by org.testng.reporters.JUnitReportReporter -->
<testsuite hostname="LMMUM-LP-0151" failures="0" tests="3" name="MachinTest.VerifySite" time="15.119" errors="0" timestamp="2024-08-24T18:36:17 IST" skipped="0">
  <testcase classname="MachinTest.VerifySite" name="link" time="5.820"/>
  <testcase classname="MachinTest.VerifySite" name="VerifyURlTest" time="4.825"/>
  <testcase classname="MachinTest.VerifySite" name="Verifyurltitle" time="4.474"/>
</testsuite> <!-- MachinTest.VerifySite -->
