<?xml version="1.0" encoding="UTF-8"?>
<!-- Generated by org.testng.reporters.JUnitReportReporter -->
<testsuite hostname="LMMUM-LP-0151" failures="0" tests="1" name="MachinTest.Actiontestcases" time="40.058" errors="0" timestamp="2024-08-24T18:44:09 IST" skipped="0">
  <testcase classname="MachinTest.Actiontestcases" name="radiobutton" time="40.058"/>
</testsuite> <!-- MachinTest.Actiontestcases -->
